生成启动时间为 2014/10/27 14:25:23。
     1>项目“E:\github\MultiThread11\MultiThread11.vcxproj”在节点 2 上(build 个目标)。
     1>InitializeBuildStatus:
         正在创建“.\Debug\MultiThread11.unsuccessfulbuild”，因为已指定“AlwaysCreate”。
       ClCompile:
         C:\Program Files (x86)\Microsoft Visual Studio 10.0\VC\bin\CL.exe /c /ZI /nologo /W3 /WX- /Od /Oy- /D WIN32 /D _DEBUG /D _WINDOWS /D _VC80_UPGRADE=0x0600 /D _MBCS /D _AFXDLL /Gm /EHsc /RTC1 /MDd /GS /Gy- /fp:precise /Zc:wchar_t /Zc:forScope /Yc"stdafx.h" /Fp".\Debug\MultiThread11.pch" /Fo".\Debug\\" /Fd".\Debug\vc100.pdb" /Gd /TP /analyze- /errorReport:prompt StdAfx.cpp
         StdAfx.cpp
         _WIN32_WINNT not defined. Defaulting to _WIN32_WINNT_MAXVER (see WinSDKVer.h)
         C:\Program Files (x86)\Microsoft Visual Studio 10.0\VC\bin\CL.exe /c /ZI /nologo /W3 /WX- /Od /Oy- /D WIN32 /D _DEBUG /D _WINDOWS /D _VC80_UPGRADE=0x0600 /D _MBCS /D _AFXDLL /Gm /EHsc /RTC1 /MDd /GS /Gy- /fp:precise /Zc:wchar_t /Zc:forScope /Yu"stdafx.h" /Fp".\Debug\MultiThread11.pch" /Fo".\Debug\\" /Fd".\Debug\vc100.pdb" /Gd /TP /analyze- /errorReport:prompt "..\..\Program Files\Microsoft Visual Studio\VC98\MFC\SRC\APPMODUL.CPP" Dialog1.cpp Dialog2.cpp Dialog3.cpp MultiThread11.cpp MultiThread11Dlg.cpp
         MultiThread11Dlg.cpp
         MultiThread11.cpp
     1>e:\github\multithread11\multithread11.cpp(52): warning C4996: 'CWinApp::Enable3dControls': CWinApp::Enable3dControls is no longer needed. You should remove this call.
                 c:\program files (x86)\microsoft visual studio 10.0\vc\atlmfc\include\afxwin.h(5380) : 参见“CWinApp::Enable3dControls”的声明
         Dialog3.cpp
         Dialog2.cpp
         Dialog1.cpp
     1>e:\github\multithread11\dialog1.cpp(7): error C4430: 缺少类型说明符 - 假定为 int。注意: C++ 不支持默认 int
         APPMODUL.CPP
     1>c1xx : fatal error C1083: 无法打开源文件:“..\..\Program Files\Microsoft Visual Studio\VC98\MFC\SRC\APPMODUL.CPP”: No such file or directory
         正在生成代码...
     1>已完成生成项目“E:\github\MultiThread11\MultiThread11.vcxproj”(build 个目标)的操作 - 失败。

生成失败。

已用时间 00:00:09.96
