E:\github\CMDProject\CMDProject\Debug\cl.command.1.tlog
E:\github\CMDProject\CMDProject\Debug\CL.read.1.tlog
E:\github\CMDProject\CMDProject\Debug\CL.write.1.tlog
E:\GITHUB\CMDPROJECT\CMDPROJECT\DEBUG\CMDPROJECT.EXE.EMBED.MANIFEST
E:\GITHUB\CMDPROJECT\CMDPROJECT\DEBUG\CMDPROJECT.EXE.EMBED.MANIFEST.RES
E:\GITHUB\CMDPROJECT\CMDPROJECT\DEBUG\CMDPROJECT.EXE.INTERMEDIATE.MANIFEST
E:\GITHUB\CMDPROJECT\CMDPROJECT\DEBUG\CMDPROJECT.OBJ
E:\GITHUB\CMDPROJECT\CMDPROJECT\DEBUG\CMDPROJECT.PCH
E:\github\CMDProject\CMDProject\Debug\CMDProject_manifest.rc
E:\github\CMDProject\CMDProject\Debug\link.2272.read.1.tlog
E:\github\CMDProject\CMDProject\Debug\link.2272.write.1.tlog
E:\github\CMDProject\CMDProject\Debug\link.2272-cvtres.read.1.tlog
E:\github\CMDProject\CMDProject\Debug\link.2272-cvtres.write.1.tlog
E:\github\CMDProject\CMDProject\Debug\link.2392.read.1.tlog
E:\github\CMDProject\CMDProject\Debug\link.2392.write.1.tlog
E:\github\CMDProject\CMDProject\Debug\link.2392-cvtres.read.1.tlog
E:\github\CMDProject\CMDProject\Debug\link.2392-cvtres.write.1.tlog
E:\github\CMDProject\CMDProject\Debug\link.2928.read.1.tlog
E:\github\CMDProject\CMDProject\Debug\link.2928.write.1.tlog
E:\github\CMDProject\CMDProject\Debug\link.2928-cvtres.read.1.tlog
E:\github\CMDProject\CMDProject\Debug\link.2928-cvtres.write.1.tlog
E:\github\CMDProject\CMDProject\Debug\link.3212.read.1.tlog
E:\github\CMDProject\CMDProject\Debug\link.3212.write.1.tlog
E:\github\CMDProject\CMDProject\Debug\link.3212-cvtres.read.1.tlog
E:\github\CMDProject\CMDProject\Debug\link.3212-cvtres.write.1.tlog
E:\github\CMDProject\CMDProject\Debug\link.4076.read.1.tlog
E:\github\CMDProject\CMDProject\Debug\link.4076.write.1.tlog
E:\github\CMDProject\CMDProject\Debug\link.4076-cvtres.read.1.tlog
E:\github\CMDProject\CMDProject\Debug\link.4076-cvtres.write.1.tlog
E:\github\CMDProject\CMDProject\Debug\link.4264.read.1.tlog
E:\github\CMDProject\CMDProject\Debug\link.4264.write.1.tlog
E:\github\CMDProject\CMDProject\Debug\link.4264-cvtres.read.1.tlog
E:\github\CMDProject\CMDProject\Debug\link.4264-cvtres.write.1.tlog
E:\github\CMDProject\CMDProject\Debug\link.4396.read.1.tlog
E:\github\CMDProject\CMDProject\Debug\link.4396.write.1.tlog
E:\github\CMDProject\CMDProject\Debug\link.4396-cvtres.read.1.tlog
E:\github\CMDProject\CMDProject\Debug\link.4396-cvtres.write.1.tlog
E:\github\CMDProject\CMDProject\Debug\link.5268.read.1.tlog
E:\github\CMDProject\CMDProject\Debug\link.5268.write.1.tlog
E:\github\CMDProject\CMDProject\Debug\link.5268-cvtres.read.1.tlog
E:\github\CMDProject\CMDProject\Debug\link.5268-cvtres.write.1.tlog
E:\github\CMDProject\CMDProject\Debug\link.5532.read.1.tlog
E:\github\CMDProject\CMDProject\Debug\link.5532.write.1.tlog
E:\github\CMDProject\CMDProject\Debug\link.5532-cvtres.read.1.tlog
E:\github\CMDProject\CMDProject\Debug\link.5532-cvtres.write.1.tlog
E:\github\CMDProject\CMDProject\Debug\link.5644.read.1.tlog
E:\github\CMDProject\CMDProject\Debug\link.5644.write.1.tlog
E:\github\CMDProject\CMDProject\Debug\link.5644-cvtres.read.1.tlog
E:\github\CMDProject\CMDProject\Debug\link.5644-cvtres.write.1.tlog
E:\github\CMDProject\CMDProject\Debug\link.5832.read.1.tlog
E:\github\CMDProject\CMDProject\Debug\link.5832.write.1.tlog
E:\github\CMDProject\CMDProject\Debug\link.5832-cvtres.read.1.tlog
E:\github\CMDProject\CMDProject\Debug\link.5832-cvtres.write.1.tlog
E:\github\CMDProject\CMDProject\Debug\link.5852.read.1.tlog
E:\github\CMDProject\CMDProject\Debug\link.5852.write.1.tlog
E:\github\CMDProject\CMDProject\Debug\link.5852-cvtres.read.1.tlog
E:\github\CMDProject\CMDProject\Debug\link.5852-cvtres.write.1.tlog
E:\github\CMDProject\CMDProject\Debug\link.6460.read.1.tlog
E:\github\CMDProject\CMDProject\Debug\link.6460.write.1.tlog
E:\github\CMDProject\CMDProject\Debug\link.6460-cvtres.read.1.tlog
E:\github\CMDProject\CMDProject\Debug\link.6460-cvtres.write.1.tlog
E:\github\CMDProject\CMDProject\Debug\link.command.1.tlog
E:\github\CMDProject\CMDProject\Debug\link.read.1.tlog
E:\github\CMDProject\CMDProject\Debug\link.write.1.tlog
E:\github\CMDProject\CMDProject\Debug\link-cvtres.read.1.tlog
E:\github\CMDProject\CMDProject\Debug\link-cvtres.write.1.tlog
E:\github\CMDProject\CMDProject\Debug\mt.command.1.tlog
E:\github\CMDProject\CMDProject\Debug\mt.read.1.tlog
E:\github\CMDProject\CMDProject\Debug\mt.write.1.tlog
E:\github\CMDProject\CMDProject\Debug\rc.command.1.tlog
E:\github\CMDProject\CMDProject\Debug\rc.read.1.tlog
E:\github\CMDProject\CMDProject\Debug\rc.write.1.tlog
E:\GITHUB\CMDPROJECT\CMDPROJECT\DEBUG\STDAFX.OBJ
E:\github\CMDProject\CMDProject\Debug\vc100.idb
E:\GITHUB\CMDPROJECT\CMDPROJECT\DEBUG\VC100.PDB
E:\GITHUB\CMDPROJECT\DEBUG\CMDPROJECT.EXE
E:\GITHUB\CMDPROJECT\DEBUG\CMDPROJECT.ILK
E:\GITHUB\CMDPROJECT\DEBUG\CMDPROJECT.PDB
