生成启动时间为 2014/10/26 10:55:54。
     1>项目“E:\github\CMDProject\CMDProject\CMDProject.vcxproj”在节点 2 上(build 个目标)。
     1>InitializeBuildStatus:
         正在创建“Release\CMDProject.unsuccessfulbuild”，因为已指定“AlwaysCreate”。
       ClCompile:
         所有输出均为最新。
         C:\Program Files (x86)\Microsoft Visual Studio 10.0\VC\bin\CL.exe /c /Zi /nologo /W3 /WX- /O2 /Oi /Oy- /GL /D WIN32 /D NDEBUG /D _CONSOLE /D _AFXDLL /Gm- /EHsc /MD /GS /Gy /fp:precise /Zc:wchar_t /Zc:forScope /Yu"StdAfx.h" /Fp"Release\CMDProject.pch" /Fo"Release\\" /Fd"Release\vc100.pdb" /Gd /TP /analyze- /errorReport:prompt CMDProject.cpp
         CMDProject.cpp
     1>CMDProject.cpp(160): warning C4244: “初始化”: 从“std::streamoff”转换到“unsigned int”，可能丢失数据
       Link:
         C:\Program Files (x86)\Microsoft Visual Studio 10.0\VC\bin\link.exe /ERRORREPORT:PROMPT /OUT:"E:\github\CMDProject\Release\CMDProject.exe" /INCREMENTAL:NO /NOLOGO /MANIFEST /ManifestFile:"Release\CMDProject.exe.intermediate.manifest" /MANIFESTUAC:"level='asInvoker' uiAccess='false'" /DEBUG /PDB:"E:\github\CMDProject\Release\CMDProject.pdb" /SUBSYSTEM:CONSOLE /OPT:REF /OPT:ICF /LTCG /TLBID:1 /DYNAMICBASE /NXCOMPAT /IMPLIB:"E:\github\CMDProject\Release\CMDProject.lib" /MACHINE:X86 Release\CMDProject.obj
         Release\stdafx.obj
         正在生成代码
         已完成代码的生成
         CMDProject.vcxproj -> E:\github\CMDProject\Release\CMDProject.exe
       Manifest:
         C:\Program Files (x86)\Microsoft SDKs\Windows\v7.0A\bin\mt.exe /nologo /verbose /outputresource:"E:\github\CMDProject\Release\CMDProject.exe;#1" /manifest Release\CMDProject.exe.intermediate.manifest "C:\Program Files (x86)\Microsoft Visual Studio 10.0\VC\Include\Manifest\dpiaware.manifest"
       FinalizeBuildStatus:
         正在删除文件“Release\CMDProject.unsuccessfulbuild”。
         正在对“Release\CMDProject.lastbuildstate”执行 Touch 任务。
     1>已完成生成项目“E:\github\CMDProject\CMDProject\CMDProject.vcxproj”(build 个目标)的操作。

生成成功。

已用时间 00:00:01.92
