生成启动时间为 2014/10/27 13:00:22。
     1>项目“E:\github\MFCProject\MFCProject\MFCProject.vcxproj”在节点 2 上(build 个目标)。
     1>InitializeBuildStatus:
         正在创建“Debug\MFCProject.unsuccessfulbuild”，因为已指定“AlwaysCreate”。
       ClCompile:
         所有输出均为最新。
         C:\Program Files (x86)\Microsoft Visual Studio 10.0\VC\bin\CL.exe /c /ZI /nologo /W3 /WX- /Od /Oy- /D WIN32 /D _WINDOWS /D _DEBUG /D _AFXDLL /Gm /EHsc /RTC1 /MDd /GS /fp:precise /Zc:wchar_t /Zc:forScope /Yu"StdAfx.h" /Fp"Debug\MFCProject.pch" /Fo"Debug\\" /Fd"Debug\vc100.pdb" /Gd /TP /analyze- /errorReport:prompt MFCProjectDlg.cpp
         MFCProjectDlg.cpp
     1>e:\github\mfcproject\mfcproject\mfcprojectdlg.cpp(317): warning C4244: “初始化”: 从“std::streamoff”转换到“unsigned int”，可能丢失数据
       ResourceCompile:
         所有输出均为最新。
       ManifestResourceCompile:
         所有输出均为最新。
       Link:
         C:\Program Files (x86)\Microsoft Visual Studio 10.0\VC\bin\link.exe /ERRORREPORT:PROMPT /OUT:"E:\github\MFCProject\Debug\MFCProject.exe" /INCREMENTAL /NOLOGO /MANIFEST /ManifestFile:"Debug\MFCProject.exe.intermediate.manifest" /MANIFESTUAC:"level='asInvoker' uiAccess='false'" /DEBUG /PDB:"E:\github\MFCProject\Debug\MFCProject.pdb" /SUBSYSTEM:WINDOWS /TLBID:1 /DYNAMICBASE /NXCOMPAT /IMPLIB:"E:\github\MFCProject\Debug\MFCProject.lib" /MACHINE:X86 Debug\MFCProject.res
         Debug\MFCProject.exe.embed.manifest.res
         Debug\MFCProject.obj
         Debug\MFCProjectDlg.obj
         Debug\stdafx.obj
       Manifest:
         C:\Program Files (x86)\Microsoft SDKs\Windows\v7.0A\bin\mt.exe /nologo /verbose /out:"Debug\MFCProject.exe.embed.manifest" /manifest Debug\MFCProject.exe.intermediate.manifest "C:\Program Files (x86)\Microsoft Visual Studio 10.0\VC\Include\Manifest\dpiaware.manifest"
         所有输出均为最新。
       LinkEmbedManifest:
         所有输出均为最新。
         MFCProject.vcxproj -> E:\github\MFCProject\Debug\MFCProject.exe
       FinalizeBuildStatus:
         正在删除文件“Debug\MFCProject.unsuccessfulbuild”。
         正在对“Debug\MFCProject.lastbuildstate”执行 Touch 任务。
     1>已完成生成项目“E:\github\MFCProject\MFCProject\MFCProject.vcxproj”(build 个目标)的操作。

生成成功。

已用时间 00:00:01.07
