生成启动时间为 2014/10/28 15:17:52。
     1>项目“E:\github\MFCProject\MFCProject\MFCProject.vcxproj”在节点 2 上(build 个目标)。
     1>InitializeBuildStatus:
         正在对“Release\MFCProject.unsuccessfulbuild”执行 Touch 任务。
       ClCompile:
         C:\Program Files (x86)\Microsoft Visual Studio 10.0\VC\bin\CL.exe /c /Zi /nologo /W3 /WX- /O2 /Oi /Oy- /GL /D WIN32 /D _WINDOWS /D NDEBUG /D _AFXDLL /Gm- /EHsc /MD /GS /Gy /fp:precise /Zc:wchar_t /Zc:forScope /Yc"StdAfx.h" /Fp"Release\MFCProject.pch" /Fo"Release\\" /Fd"Release\vc100.pdb" /Gd /TP /analyze- /errorReport:prompt stdafx.cpp
         stdafx.cpp
         C:\Program Files (x86)\Microsoft Visual Studio 10.0\VC\bin\CL.exe /c /Zi /nologo /W3 /WX- /O2 /Oi /Oy- /GL /D WIN32 /D _WINDOWS /D NDEBUG /D _AFXDLL /Gm- /EHsc /MD /GS /Gy /fp:precise /Zc:wchar_t /Zc:forScope /Yu"StdAfx.h" /Fp"Release\MFCProject.pch" /Fo"Release\\" /Fd"Release\vc100.pdb" /Gd /TP /analyze- /errorReport:prompt MFCProject.cpp MFCProjectDlg.cpp
         MFCProject.cpp
         MFCProjectDlg.cpp
     1>MFCProjectDlg.cpp(319): warning C4244: “初始化”: 从“std::streamoff”转换到“unsigned int”，可能丢失数据
       ResourceCompile:
         所有输出均为最新。
       Link:
         C:\Program Files (x86)\Microsoft Visual Studio 10.0\VC\bin\link.exe /ERRORREPORT:PROMPT /OUT:"E:\github\MFCProject\Release\MFCProject.exe" /INCREMENTAL:NO /NOLOGO /MANIFEST /ManifestFile:"Release\MFCProject.exe.intermediate.manifest" /MANIFESTUAC:"level='asInvoker' uiAccess='false'" /DEBUG /PDB:"E:\github\MFCProject\Release\MFCProject.pdb" /SUBSYSTEM:WINDOWS /OPT:REF /OPT:ICF /LTCG /TLBID:1 /DYNAMICBASE /NXCOMPAT /IMPLIB:"E:\github\MFCProject\Release\MFCProject.lib" /MACHINE:X86 Release\MFCProject.res
         Release\MFCProject.obj
         Release\MFCProjectDlg.obj
         Release\stdafx.obj
         正在生成代码
         已完成代码的生成
         MFCProject.vcxproj -> E:\github\MFCProject\Release\MFCProject.exe
       Manifest:
         C:\Program Files (x86)\Microsoft SDKs\Windows\v7.0A\bin\mt.exe /nologo /verbose /outputresource:"E:\github\MFCProject\Release\MFCProject.exe;#1" /manifest Release\MFCProject.exe.intermediate.manifest "C:\Program Files (x86)\Microsoft Visual Studio 10.0\VC\Include\Manifest\dpiaware.manifest"
       FinalizeBuildStatus:
         正在删除文件“Release\MFCProject.unsuccessfulbuild”。
         正在对“Release\MFCProject.lastbuildstate”执行 Touch 任务。
     1>已完成生成项目“E:\github\MFCProject\MFCProject\MFCProject.vcxproj”(build 个目标)的操作。

生成成功。

已用时间 00:00:09.74
