E:\GITHUB\MFCPROJECT2\DEBUG\MFCPROJECT2.EXE
E:\GITHUB\MFCPROJECT2\DEBUG\MFCPROJECT2.ILK
E:\GITHUB\MFCPROJECT2\DEBUG\MFCPROJECT2.PDB
E:\github\MFCProject2\MFCProject2\Debug\cl.command.1.tlog
E:\github\MFCProject2\MFCProject2\Debug\CL.read.1.tlog
E:\github\MFCProject2\MFCProject2\Debug\CL.write.1.tlog
E:\github\MFCProject2\MFCProject2\Debug\link.command.1.tlog
E:\github\MFCProject2\MFCProject2\Debug\link.read.1.tlog
E:\github\MFCProject2\MFCProject2\Debug\link.write.1.tlog
E:\github\MFCProject2\MFCProject2\Debug\link-cvtres.read.1.tlog
E:\github\MFCProject2\MFCProject2\Debug\link-cvtres.write.1.tlog
E:\GITHUB\MFCPROJECT2\MFCPROJECT2\DEBUG\MFCPROJECT2.EXE.EMBED.MANIFEST
E:\GITHUB\MFCPROJECT2\MFCPROJECT2\DEBUG\MFCPROJECT2.EXE.EMBED.MANIFEST.RES
E:\GITHUB\MFCPROJECT2\MFCPROJECT2\DEBUG\MFCPROJECT2.EXE.INTERMEDIATE.MANIFEST
E:\GITHUB\MFCPROJECT2\MFCPROJECT2\DEBUG\MFCPROJECT2.OBJ
E:\GITHUB\MFCPROJECT2\MFCPROJECT2\DEBUG\MFCPROJECT2.PCH
E:\GITHUB\MFCPROJECT2\MFCPROJECT2\DEBUG\MFCPROJECT2.RES
E:\github\MFCProject2\MFCProject2\Debug\MFCProject2_manifest.rc
E:\GITHUB\MFCPROJECT2\MFCPROJECT2\DEBUG\MFCPROJECT2DLG.OBJ
E:\github\MFCProject2\MFCProject2\Debug\mt.command.1.tlog
E:\github\MFCProject2\MFCProject2\Debug\mt.read.1.tlog
E:\github\MFCProject2\MFCProject2\Debug\mt.write.1.tlog
E:\github\MFCProject2\MFCProject2\Debug\rc.command.1.tlog
E:\github\MFCProject2\MFCProject2\Debug\rc.read.1.tlog
E:\github\MFCProject2\MFCProject2\Debug\rc.write.1.tlog
E:\GITHUB\MFCPROJECT2\MFCPROJECT2\DEBUG\SEARCHER.OBJ
E:\GITHUB\MFCPROJECT2\MFCPROJECT2\DEBUG\STDAFX.OBJ
E:\github\MFCProject2\MFCProject2\Debug\vc100.idb
E:\GITHUB\MFCPROJECT2\MFCPROJECT2\DEBUG\VC100.PDB
